#
# There is insufficient memory for the Java Runtime Environment to continue.
# Native memory allocation (mmap) failed to map 159383552 bytes for G1 virtual space
# Possible reasons:
#   The system is out of physical RAM or swap space
#   The process is running with CompressedOops enabled, and the Java Heap may be blocking the growth of the native heap
# Possible solutions:
#   Reduce memory load on the system
#   Increase physical memory or swap space
#   Check if swap backing store is full
#   Decrease Java heap size (-Xmx/-Xms)
#   Decrease number of Java threads
#   Decrease Java thread stack sizes (-Xss)
#   Set larger code cache with -XX:ReservedCodeCacheSize=
#   JVM is running with Zero Based Compressed Oops mode in which the Java heap is
#     placed in the first 32GB address space. The Java Heap base address is the
#     maximum limit for the native heap growth. Please use -XX:HeapBaseMinAddress
#     to set the Java Heap base and to place the Java Heap above 32GB virtual address.
# This output file may be truncated or incomplete.
#
#  Out of Memory Error (os_windows.cpp:3536), pid=16520, tid=20724
#
# JRE version: Java(TM) SE Runtime Environment (19.0.2+7) (build 19.0.2+7-44)
# Java VM: Java HotSpot(TM) 64-Bit Server VM (19.0.2+7-44, mixed mode, emulated-client, sharing, tiered, compressed oops, compressed class ptrs, g1 gc, windows-amd64)
# No core dump will be written. Minidumps are not enabled by default on client versions of Windows
#

---------------  S U M M A R Y ------------

Command Line: -XX:TieredStopAtLevel=1 -Dspring.output.ansi.enabled=always -Dcom.sun.management.jmxremote -Dspring.jmx.enabled=true -Dspring.liveBeansView.mbeanDomain -Dspring.application.admin.enabled=true -Dmanagement.endpoints.jmx.exposure.include=* -javaagent:D:\software\worksoftware\iterllijdownloadsoftware\IntelliJ IDEA Ultimate\lib\idea_rt.jar=53361:D:\software\worksoftware\iterllijdownloadsoftware\IntelliJ IDEA Ultimate\bin -Dfile.encoding=UTF-8 -Dsun.stdout.encoding=UTF-8 -Dsun.stderr.encoding=UTF-8 com.xi.cloud.Main9001

Host: 11th Gen Intel(R) Core(TM) i5-11260H @ 2.60GHz, 12 cores, 15G,  Windows 11 , 64 bit Build 22621 (10.0.22621.3958)
Time: Sun Sep 22 14:32:01 2024  Windows 11 , 64 bit Build 22621 (10.0.22621.3958) elapsed time: 68.890432 seconds (0d 0h 1m 8s)

---------------  T H R E A D  ---------------

Current thread (0x000001d70fe85fe0):  VMThread "VM Thread" [stack: 0x0000000b37f00000,0x0000000b38000000] [id=20724]

Stack: [0x0000000b37f00000,0x0000000b38000000]
Native frames: (J=compiled Java code, j=interpreted, Vv=VM code, C=native code)
V  [jvm.dll+0x6ee21a]
V  [jvm.dll+0x85765e]
V  [jvm.dll+0x85904e]
V  [jvm.dll+0x859703]
V  [jvm.dll+0x28298f]
V  [jvm.dll+0x6eb009]
V  [jvm.dll+0x6dfbaa]
V  [jvm.dll+0x3573f6]
V  [jvm.dll+0x35ee56]
V  [jvm.dll+0x3b541e]
V  [jvm.dll+0x3b564f]
V  [jvm.dll+0x32c9ea]
V  [jvm.dll+0x32ca97]
V  [jvm.dll+0x374cd2]
V  [jvm.dll+0x37340f]
V  [jvm.dll+0x32c210]
V  [jvm.dll+0x3729ab]
V  [jvm.dll+0x85ebc3]
V  [jvm.dll+0x85f989]
V  [jvm.dll+0x85febd]
V  [jvm.dll+0x86034b]
V  [jvm.dll+0x860407]
V  [jvm.dll+0x80125a]
V  [jvm.dll+0x6ecf0b]
C  [ucrtbase.dll+0x29333]
C  [KERNEL32.DLL+0x1257d]
C  [ntdll.dll+0x5af28]

VM_Operation (0x0000000b3b6fe890): G1CollectForAllocation, mode: safepoint, requested by thread 0x000001d718c4b8b0


---------------  P R O C E S S  ---------------

Threads class SMR info:
_java_thread_list=0x000001d7189dab20, length=61, elements={
0x000001d716c024b0, 0x000001d716c030a0, 0x000001d716c07ec0, 0x000001d716c087f0,
0x000001d716c09120, 0x000001d716c0ba60, 0x000001d716c0f890, 0x000001d716c12210,
0x000001d70fe74060, 0x000001d71719b4b0, 0x000001d71719b9f0, 0x000001d717320e50,
0x000001d717b2b8e0, 0x000001d717b7f2d0, 0x000001d71850d430, 0x000001d7184f9500,
0x000001d7184f9a40, 0x000001d71855b040, 0x000001d71855b590, 0x000001d71855c580,
0x000001d71855bae0, 0x000001d718559060, 0x000001d71855c030, 0x000001d7185595b0,
0x000001d71855a5a0, 0x000001d718559b00, 0x000001d71855aaf0, 0x000001d71855a050,
0x000001d7187dd540, 0x000001d7187e0fb0, 0x000001d7187e2a40, 0x000001d7187dfa70,
0x000001d7187df520, 0x000001d7187dda90, 0x000001d7187dc000, 0x000001d7187e2f90,
0x000001d7187ddfe0, 0x000001d7187e34e0, 0x000001d7187e1a50, 0x000001d7187dcff0,
0x000001d7187e1500, 0x000001d718c522f0, 0x000001d718c50860, 0x000001d718c4d890,
0x000001d718c4cdf0, 0x000001d718c4d340, 0x000001d718c4be00, 0x000001d718c4f870,
0x000001d718c51da0, 0x000001d718c4c350, 0x000001d718c532e0, 0x000001d718c4fdc0,
0x000001d718c4e330, 0x000001d718c51300, 0x000001d718c51850, 0x000001d718c4edd0,
0x000001d718c52840, 0x000001d718c4f320, 0x000001d718c52d90, 0x000001d718c4dde0,
0x000001d718c4b8b0
}

Java Threads: ( => current thread )
  0x000001d716c024b0 JavaThread "Reference Handler" daemon [_thread_blocked, id=10084, stack(0x0000000b38000000,0x0000000b38100000)]
  0x000001d716c030a0 JavaThread "Finalizer" daemon [_thread_blocked, id=11128, stack(0x0000000b38100000,0x0000000b38200000)]
  0x000001d716c07ec0 JavaThread "Signal Dispatcher" daemon [_thread_blocked, id=9064, stack(0x0000000b38200000,0x0000000b38300000)]
  0x000001d716c087f0 JavaThread "Attach Listener" daemon [_thread_blocked, id=2360, stack(0x0000000b38300000,0x0000000b38400000)]
  0x000001d716c09120 JavaThread "Service Thread" daemon [_thread_blocked, id=21108, stack(0x0000000b38400000,0x0000000b38500000)]
  0x000001d716c0ba60 JavaThread "Monitor Deflation Thread" daemon [_thread_blocked, id=18748, stack(0x0000000b38500000,0x0000000b38600000)]
  0x000001d716c0f890 JavaThread "C1 CompilerThread0" daemon [_thread_blocked, id=12244, stack(0x0000000b38600000,0x0000000b38700000)]
  0x000001d716c12210 JavaThread "Sweeper thread" daemon [_thread_blocked, id=18404, stack(0x0000000b38700000,0x0000000b38800000)]
  0x000001d70fe74060 JavaThread "Common-Cleaner" daemon [_thread_blocked, id=1932, stack(0x0000000b38800000,0x0000000b38900000)]
  0x000001d71719b4b0 JavaThread "Monitor Ctrl-Break" daemon [_thread_in_native, id=18108, stack(0x0000000b38b00000,0x0000000b38c00000)]
  0x000001d71719b9f0 JavaThread "Notification Thread" daemon [_thread_blocked, id=21392, stack(0x0000000b38c00000,0x0000000b38d00000)]
  0x000001d717320e50 JavaThread "RMI TCP Accept-0" daemon [_thread_in_native, id=14056, stack(0x0000000b38e00000,0x0000000b38f00000)]
  0x000001d717b2b8e0 JavaThread "RMI TCP Connection(idle)" daemon [_thread_blocked, id=2984, stack(0x0000000b39900000,0x0000000b39a00000)]
  0x000001d717b7f2d0 JavaThread "RMI Scheduler(0)" daemon [_thread_blocked, id=21056, stack(0x0000000b39a00000,0x0000000b39b00000)]
  0x000001d71850d430 JavaThread "Catalina-utility-1" [_thread_blocked, id=10904, stack(0x0000000b39d00000,0x0000000b39e00000)]
  0x000001d7184f9500 JavaThread "Catalina-utility-2" [_thread_blocked, id=20600, stack(0x0000000b39e00000,0x0000000b39f00000)]
  0x000001d7184f9a40 JavaThread "container-0" [_thread_blocked, id=7928, stack(0x0000000b39f00000,0x0000000b3a000000)]
  0x000001d71855b040 JavaThread "spring.cloud.inetutils" daemon [_thread_blocked, id=12532, stack(0x0000000b3a000000,0x0000000b3a100000)]
  0x000001d71855b590 JavaThread "http-nio-9001-exec-1" daemon [_thread_blocked, id=14956, stack(0x0000000b3a100000,0x0000000b3a200000)]
  0x000001d71855c580 JavaThread "http-nio-9001-exec-2" daemon [_thread_blocked, id=13692, stack(0x0000000b3a200000,0x0000000b3a300000)]
  0x000001d71855bae0 JavaThread "http-nio-9001-exec-3" daemon [_thread_blocked, id=17776, stack(0x0000000b3a300000,0x0000000b3a400000)]
  0x000001d718559060 JavaThread "http-nio-9001-exec-4" daemon [_thread_blocked, id=21248, stack(0x0000000b3a400000,0x0000000b3a500000)]
  0x000001d71855c030 JavaThread "http-nio-9001-exec-5" daemon [_thread_blocked, id=20956, stack(0x0000000b3a500000,0x0000000b3a600000)]
  0x000001d7185595b0 JavaThread "http-nio-9001-exec-6" daemon [_thread_blocked, id=11596, stack(0x0000000b3a600000,0x0000000b3a700000)]
  0x000001d71855a5a0 JavaThread "http-nio-9001-exec-7" daemon [_thread_blocked, id=2540, stack(0x0000000b3a700000,0x0000000b3a800000)]
  0x000001d718559b00 JavaThread "http-nio-9001-exec-8" daemon [_thread_blocked, id=16956, stack(0x0000000b3a800000,0x0000000b3a900000)]
  0x000001d71855aaf0 JavaThread "http-nio-9001-exec-9" daemon [_thread_blocked, id=7672, stack(0x0000000b3a900000,0x0000000b3aa00000)]
  0x000001d71855a050 JavaThread "http-nio-9001-exec-10" daemon [_thread_blocked, id=6080, stack(0x0000000b3aa00000,0x0000000b3ab00000)]
  0x000001d7187dd540 JavaThread "http-nio-9001-Poller" daemon [_thread_in_native, id=19768, stack(0x0000000b3ab00000,0x0000000b3ac00000)]
  0x000001d7187e0fb0 JavaThread "http-nio-9001-Acceptor" daemon [_thread_in_native, id=20236, stack(0x0000000b3ac00000,0x0000000b3ad00000)]
  0x000001d7187e2a40 JavaThread "nacos.publisher-com.alibaba.nacos.common.notify.SlowEvent" daemon [_thread_blocked, id=17080, stack(0x0000000b3ad00000,0x0000000b3ae00000)]
  0x000001d7187dfa70 JavaThread "nacos.publisher-com.alibaba.nacos.client.naming.event.InstancesChangeEvent" daemon [_thread_blocked, id=21012, stack(0x0000000b3ae00000,0x0000000b3af00000)]
  0x000001d7187df520 JavaThread "com.alibaba.nacos.naming.failover" daemon [_thread_blocked, id=4240, stack(0x0000000b3af00000,0x0000000b3b000000)]
  0x000001d7187dda90 JavaThread "com.alibaba.nacos.client.auth.ram.identify.watcher.0" daemon [_thread_blocked, id=9660, stack(0x0000000b3b000000,0x0000000b3b100000)]
  0x000001d7187dc000 JavaThread "com.alibaba.nacos.client.naming.security" daemon [_thread_blocked, id=13900, stack(0x0000000b3b100000,0x0000000b3b200000)]
  0x000001d7187e2f90 JavaThread "com.alibaba.nacos.client.naming.grpc.redo.0" daemon [_thread_blocked, id=5336, stack(0x0000000b3b200000,0x0000000b3b300000)]
  0x000001d7187ddfe0 JavaThread "com.alibaba.nacos.client.remote.worker" daemon [_thread_blocked, id=16424, stack(0x0000000b3b300000,0x0000000b3b400000)]
  0x000001d7187e34e0 JavaThread "com.alibaba.nacos.client.remote.worker" daemon [_thread_blocked, id=11452, stack(0x0000000b3b400000,0x0000000b3b500000)]
  0x000001d7187e1a50 JavaThread "grpc-nio-worker-ELG-1-1" daemon [_thread_in_native, id=11772, stack(0x0000000b3b500000,0x0000000b3b600000)]
  0x000001d7187dcff0 JavaThread "grpc-nio-worker-ELG-1-2" daemon [_thread_blocked, id=2412, stack(0x0000000b3b900000,0x0000000b3ba00000)]
  0x000001d7187e1500 JavaThread "DestroyJavaVM" [_thread_blocked, id=6604, stack(0x0000000b37900000,0x0000000b37a00000)]
  0x000001d718c522f0 JavaThread "RMI TCP Connection(idle)" daemon [_thread_blocked, id=18840, stack(0x0000000b3c300000,0x0000000b3c400000)]
  0x000001d718c50860 JavaThread "sentinel-heartbeat-send-task-thread-1" daemon [_thread_blocked, id=13532, stack(0x0000000b3c600000,0x0000000b3c700000)]
  0x000001d718c4d890 JavaThread "sentinel-time-tick-thread" daemon [_thread_blocked, id=6028, stack(0x0000000b3c700000,0x0000000b3c800000)]
  0x000001d718c4cdf0 JavaThread "sentinel-system-status-record-task-thread-1" daemon [_thread_blocked, id=21316, stack(0x0000000b3c800000,0x0000000b3c900000)]
  0x000001d718c4d340 JavaThread "sentinel-metrics-record-task-thread-1" daemon [_thread_blocked, id=18036, stack(0x0000000b3c900000,0x0000000b3ca00000)]
  0x000001d718c4be00 JavaThread "sentinel-command-center-executor-thread-1" daemon [_thread_in_native, id=18284, stack(0x0000000b3ca00000,0x0000000b3cb00000)]
  0x000001d718c4f870 JavaThread "sentinel-heartbeat-send-task-thread-2" daemon [_thread_blocked, id=3776, stack(0x0000000b38900000,0x0000000b38a00000)]
  0x000001d718c51da0 JavaThread "sentinel-command-center-service-executor-thread-1" daemon [_thread_blocked, id=21416, stack(0x0000000b38a00000,0x0000000b38b00000)]
  0x000001d718c4c350 JavaThread "sentinel-command-center-service-executor-thread-2" daemon [_thread_blocked, id=21072, stack(0x0000000b3b700000,0x0000000b3b800000)]
  0x000001d718c532e0 JavaThread "sentinel-command-center-service-executor-thread-3" daemon [_thread_blocked, id=9400, stack(0x0000000b3bc00000,0x0000000b3bd00000)]
  0x000001d718c4fdc0 JavaThread "sentinel-command-center-service-executor-thread-4" daemon [_thread_blocked, id=6456, stack(0x0000000b3be00000,0x0000000b3bf00000)]
  0x000001d718c4e330 JavaThread "sentinel-command-center-service-executor-thread-5" daemon [_thread_blocked, id=21344, stack(0x0000000b3c100000,0x0000000b3c200000)]
  0x000001d718c51300 JavaThread "sentinel-command-center-service-executor-thread-6" daemon [_thread_blocked, id=10808, stack(0x0000000b3c200000,0x0000000b3c300000)]
  0x000001d718c51850 JavaThread "sentinel-command-center-service-executor-thread-7" daemon [_thread_blocked, id=5860, stack(0x0000000b3c400000,0x0000000b3c500000)]
  0x000001d718c4edd0 JavaThread "sentinel-command-center-service-executor-thread-8" daemon [_thread_blocked, id=328, stack(0x0000000b3bd00000,0x0000000b3be00000)]
  0x000001d718c52840 JavaThread "sentinel-command-center-service-executor-thread-9" daemon [_thread_blocked, id=21772, stack(0x0000000b37600000,0x0000000b37700000)]
  0x000001d718c4f320 JavaThread "nacos-grpc-client-executor-localhost-29" daemon [_thread_blocked, id=21880, stack(0x0000000b37700000,0x0000000b37800000)]
  0x000001d718c52d90 JavaThread "nacos-grpc-client-executor-localhost-30" daemon [_thread_blocked, id=21884, stack(0x0000000b37800000,0x0000000b37900000)]
  0x000001d718c4dde0 JavaThread "nacos-grpc-client-executor-localhost-31" daemon [_thread_blocked, id=21924, stack(0x0000000b38d00000,0x0000000b38e00000)]
  0x000001d718c4b8b0 JavaThread "nacos-grpc-client-executor-localhost-32" daemon [_thread_blocked, id=21928, stack(0x0000000b3b600000,0x0000000b3b700000)]

Other Threads:
=>0x000001d70fe85fe0 VMThread "VM Thread" [stack: 0x0000000b37f00000,0x0000000b38000000] [id=20724]
  0x000001d77b2af790 WatcherThread "VM Periodic Task Thread" [stack: 0x0000000b38f00000,0x0000000b39000000] [id=9256]
  0x000001d77b31df90 WorkerThread "GC Thread#0" [stack: 0x0000000b37a00000,0x0000000b37b00000] [id=20576]
  0x000001d7176fd290 WorkerThread "GC Thread#1" [stack: 0x0000000b39000000,0x0000000b39100000] [id=15516]
  0x000001d7176fd560 WorkerThread "GC Thread#2" [stack: 0x0000000b39100000,0x0000000b39200000] [id=21044]
  0x000001d7176fd830 WorkerThread "GC Thread#3" [stack: 0x0000000b39200000,0x0000000b39300000] [id=1752]
  0x000001d7176f5970 WorkerThread "GC Thread#4" [stack: 0x0000000b39300000,0x0000000b39400000] [id=5244]
  0x000001d7176f53d0 WorkerThread "GC Thread#5" [stack: 0x0000000b39400000,0x0000000b39500000] [id=21292]
  0x000001d7176f5100 WorkerThread "GC Thread#6" [stack: 0x0000000b39500000,0x0000000b39600000] [id=16772]
  0x000001d7176f61e0 WorkerThread "GC Thread#7" [stack: 0x0000000b39600000,0x0000000b39700000] [id=5060]
  0x000001d7176f64b0 WorkerThread "GC Thread#8" [stack: 0x0000000b39700000,0x0000000b39800000] [id=14856]
  0x000001d7176f56a0 WorkerThread "GC Thread#9" [stack: 0x0000000b39800000,0x0000000b39900000] [id=18880]
  0x000001d77b32b280 ConcurrentGCThread "G1 Main Marker" [stack: 0x0000000b37b00000,0x0000000b37c00000] [id=21364]
  0x000001d77b32bbc0 WorkerThread "G1 Conc#0" [stack: 0x0000000b37c00000,0x0000000b37d00000] [id=4408]
  0x000001d7176f6d20 WorkerThread "G1 Conc#1" [stack: 0x0000000b39b00000,0x0000000b39c00000] [id=13388]
  0x000001d7180c1470 WorkerThread "G1 Conc#2" [stack: 0x0000000b39c00000,0x0000000b39d00000] [id=19636]
  0x000001d70fd3c070 ConcurrentGCThread "G1 Refine#0" [stack: 0x0000000b37d00000,0x0000000b37e00000] [id=16816]
  0x000001d70fd3d9d0 ConcurrentGCThread "G1 Service" [stack: 0x0000000b37e00000,0x0000000b37f00000] [id=3848]

Threads with active compile tasks:

VM state: at safepoint (normal execution)

VM Mutex/Monitor currently owned by a thread:  ([mutex/lock_event])
[0x000001d77b2acb60] Threads_lock - owner thread: 0x000001d70fe85fe0
[0x000001d77b2ac410] Heap_lock - owner thread: 0x000001d718c4b8b0

Heap address: 0x0000000704200000, size: 4030 MB, Compressed Oops mode: Zero based, Oop shift amount: 3

CDS archive(s) mapped at: [0x0000000800000000-0x0000000800c40000-0x0000000800c40000), size 12845056, SharedBaseAddress: 0x0000000800000000, ArchiveRelocationMode: 0.
Compressed class space mapped at: 0x0000000801000000-0x0000000841000000, reserved size: 1073741824
Narrow klass base: 0x0000000800000000, Narrow klass shift: 0, Narrow klass range: 0x100000000

GC Precious Log:
 CardTable entry size: 512
 Card Set container configuration: InlinePtr #cards 4 size 8 Array Of Cards #cards 16 size 48 Howl #buckets 8 coarsen threshold 3686 Howl Bitmap #cards 512 size 80 coarsen threshold 460 Card regions per heap region 1 cards per card region 4096
 CPUs: 12 total, 12 available
 Memory: 16114M
 Large Page Support: Disabled
 NUMA Support: Disabled
 Compressed Oops: Enabled (Zero based)
 Heap Region Size: 2M
 Heap Min Capacity: 8M
 Heap Initial Capacity: 252M
 Heap Max Capacity: 4030M
 Pre-touch: Disabled
 Parallel Workers: 10
 Concurrent Workers: 3
 Concurrent Refinement Workers: 10
 Periodic GC: Disabled

Heap:
 garbage-first heap   total 102400K, used 31405K [0x0000000704200000, 0x0000000800000000)
  region size 2048K, 2 young (4096K), 2 survivors (4096K)
 Metaspace       used 52042K, committed 52800K, reserved 1114112K
  class space    used 6914K, committed 7296K, reserved 1048576K

Heap Regions: E=young(eden), S=young(survivor), O=old, HS=humongous(starts), HC=humongous(continues), CS=collection set, F=free, OA=open archive, CA=closed archive, TAMS=top-at-mark-start (previous, next)
|   0|0x0000000704200000, 0x0000000704400000, 0x0000000704400000|100%| O|  |TAMS 0x0000000704400000, 0x0000000704200000| Untracked 
|   1|0x0000000704400000, 0x0000000704600000, 0x0000000704600000|100%| O|  |TAMS 0x0000000704600000, 0x0000000704400000| Untracked 
|   2|0x0000000704600000, 0x0000000704800000, 0x0000000704800000|100%| O|  |TAMS 0x0000000704800000, 0x0000000704600000| Untracked 
|   3|0x0000000704800000, 0x0000000704971c00, 0x0000000704a00000| 72%| O|  |TAMS 0x0000000704800000, 0x0000000704800000| Untracked 
|   4|0x0000000704a00000, 0x0000000704c00000, 0x0000000704c00000|100%| O|  |TAMS 0x0000000704c00000, 0x0000000704a00000| Untracked 
|   5|0x0000000704c00000, 0x0000000704e00000, 0x0000000704e00000|100%| O|  |TAMS 0x0000000704e00000, 0x0000000704c00000| Untracked 
|   6|0x0000000704e00000, 0x0000000705000000, 0x0000000705000000|100%| O|  |TAMS 0x0000000705000000, 0x0000000704e00000| Untracked 
|   7|0x0000000705000000, 0x0000000705200000, 0x0000000705200000|100%| O|  |TAMS 0x0000000705000000, 0x0000000705000000| Untracked 
|   8|0x0000000705200000, 0x0000000705400000, 0x0000000705400000|100%| O|  |TAMS 0x0000000705200000, 0x0000000705200000| Untracked 
|   9|0x0000000705400000, 0x0000000705600000, 0x0000000705600000|100%| O|  |TAMS 0x0000000705600000, 0x0000000705400000| Untracked 
|  10|0x0000000705600000, 0x0000000705600000, 0x0000000705800000|  0%| F|  |TAMS 0x0000000705600000, 0x0000000705600000| Untracked 
|  11|0x0000000705800000, 0x0000000705a00000, 0x0000000705a00000|100%| O|  |TAMS 0x0000000705800000, 0x0000000705800000| Untracked 
|  12|0x0000000705a00000, 0x0000000705c00000, 0x0000000705c00000|100%| O|  |TAMS 0x0000000705a00000, 0x0000000705a00000| Untracked 
|  13|0x0000000705c00000, 0x0000000705e00000, 0x0000000705e00000|100%| O|  |TAMS 0x0000000705c00000, 0x0000000705c00000| Untracked 
|  14|0x0000000705e00000, 0x0000000705fa6600, 0x0000000706000000| 82%| O|  |TAMS 0x0000000705e00000, 0x0000000705e00000| Untracked 
|  15|0x0000000706000000, 0x0000000706000000, 0x0000000706200000|  0%| F|  |TAMS 0x0000000706000000, 0x0000000706000000| Untracked 
|  16|0x0000000706200000, 0x0000000706200000, 0x0000000706400000|  0%| F|  |TAMS 0x0000000706200000, 0x0000000706200000| Untracked 
|  17|0x0000000706400000, 0x0000000706400000, 0x0000000706600000|  0%| F|  |TAMS 0x0000000706400000, 0x0000000706400000| Untracked 
|  18|0x0000000706600000, 0x0000000706600000, 0x0000000706800000|  0%| F|  |TAMS 0x0000000706600000, 0x0000000706600000| Untracked 
|  19|0x0000000706800000, 0x0000000706800000, 0x0000000706a00000|  0%| F|  |TAMS 0x0000000706800000, 0x0000000706800000| Untracked 
|  20|0x0000000706a00000, 0x0000000706a00000, 0x0000000706c00000|  0%| F|  |TAMS 0x0000000706a00000, 0x0000000706a00000| Untracked 
|  21|0x0000000706c00000, 0x0000000706c00000, 0x0000000706e00000|  0%| F|  |TAMS 0x0000000706c00000, 0x0000000706c00000| Untracked 
|  22|0x0000000706e00000, 0x0000000706f93240, 0x0000000707000000| 78%| S|CS|TAMS 0x0000000706e00000, 0x0000000706e00000| Complete 
|  23|0x0000000707000000, 0x0000000707200000, 0x0000000707200000|100%| S|CS|TAMS 0x0000000707000000, 0x0000000707000000| Complete 
|  24|0x0000000707200000, 0x0000000707200000, 0x0000000707400000|  0%| F|  |TAMS 0x0000000707200000, 0x0000000707200000| Untracked 
|  25|0x0000000707400000, 0x0000000707400000, 0x0000000707600000|  0%| F|  |TAMS 0x0000000707400000, 0x0000000707400000| Untracked 
|  26|0x0000000707600000, 0x0000000707600000, 0x0000000707800000|  0%| F|  |TAMS 0x0000000707600000, 0x0000000707600000| Untracked 
|  27|0x0000000707800000, 0x0000000707800000, 0x0000000707a00000|  0%| F|  |TAMS 0x0000000707800000, 0x0000000707800000| Untracked 
|  28|0x0000000707a00000, 0x0000000707a00000, 0x0000000707c00000|  0%| F|  |TAMS 0x0000000707a00000, 0x0000000707a00000| Untracked 
|  29|0x0000000707c00000, 0x0000000707c00000, 0x0000000707e00000|  0%| F|  |TAMS 0x0000000707c00000, 0x0000000707c00000| Untracked 
|  30|0x0000000707e00000, 0x0000000707e00000, 0x0000000708000000|  0%| F|  |TAMS 0x0000000707e00000, 0x0000000707e00000| Untracked 
|  31|0x0000000708000000, 0x0000000708000000, 0x0000000708200000|  0%| F|  |TAMS 0x0000000708000000, 0x0000000708000000| Untracked 
|  32|0x0000000708200000, 0x0000000708200000, 0x0000000708400000|  0%| F|  |TAMS 0x0000000708200000, 0x0000000708200000| Untracked 
|  33|0x0000000708400000, 0x0000000708400000, 0x0000000708600000|  0%| F|  |TAMS 0x0000000708400000, 0x0000000708400000| Untracked 
|  34|0x0000000708600000, 0x0000000708600000, 0x0000000708800000|  0%| F|  |TAMS 0x0000000708600000, 0x0000000708600000| Untracked 
|  35|0x0000000708800000, 0x0000000708800000, 0x0000000708a00000|  0%| F|  |TAMS 0x0000000708800000, 0x0000000708800000| Untracked 
|  36|0x0000000708a00000, 0x0000000708a00000, 0x0000000708c00000|  0%| F|  |TAMS 0x0000000708a00000, 0x0000000708a00000| Untracked 
|  37|0x0000000708c00000, 0x0000000708c00000, 0x0000000708e00000|  0%| F|  |TAMS 0x0000000708c00000, 0x0000000708c00000| Untracked 
|  38|0x0000000708e00000, 0x0000000708e00000, 0x0000000709000000|  0%| F|  |TAMS 0x0000000708e00000, 0x0000000708e00000| Untracked 
|  39|0x0000000709000000, 0x0000000709000000, 0x0000000709200000|  0%| F|  |TAMS 0x0000000709000000, 0x0000000709000000| Untracked 
|  40|0x0000000709200000, 0x0000000709200000, 0x0000000709400000|  0%| F|  |TAMS 0x0000000709200000, 0x0000000709200000| Untracked 
|  41|0x0000000709400000, 0x0000000709400000, 0x0000000709600000|  0%| F|  |TAMS 0x0000000709400000, 0x0000000709400000| Untracked 
|  42|0x0000000709600000, 0x0000000709600000, 0x0000000709800000|  0%| F|  |TAMS 0x0000000709600000, 0x0000000709600000| Untracked 
|  43|0x0000000709800000, 0x0000000709800000, 0x0000000709a00000|  0%| F|  |TAMS 0x0000000709800000, 0x0000000709800000| Untracked 
|  44|0x0000000709a00000, 0x0000000709a00000, 0x0000000709c00000|  0%| F|  |TAMS 0x0000000709a00000, 0x0000000709a00000| Untracked 
|  45|0x0000000709c00000, 0x0000000709c00000, 0x0000000709e00000|  0%| F|  |TAMS 0x0000000709c00000, 0x0000000709c00000| Untracked 
|  46|0x0000000709e00000, 0x0000000709e00000, 0x000000070a000000|  0%| F|  |TAMS 0x0000000709e00000, 0x0000000709e00000| Untracked 
|  47|0x000000070a000000, 0x000000070a000000, 0x000000070a200000|  0%| F|  |TAMS 0x000000070a000000, 0x000000070a000000| Untracked 
|  48|0x000000070a200000, 0x000000070a200000, 0x000000070a400000|  0%| F|  |TAMS 0x000000070a200000, 0x000000070a200000| Untracked 
| 125|0x0000000713c00000, 0x0000000713c00000, 0x0000000713e00000|  0%| F|  |TAMS 0x0000000713c00000, 0x0000000713c00000| Untracked 

Card table byte_map: [0x000001d77ee60000,0x000001d77f640000] _byte_map_base: 0x000001d77b63f000

Marking Bits (Prev, Next): (CMBitMap*) 0x000001d77b31e4d0, (CMBitMap*) 0x000001d77b31e510
 Prev Bits: [0x000001d707ea0000, 0x000001d70bd98000)
 Next Bits: [0x000001d70bda0000, 0x000001d70fc98000)

Polling page: 0x000001d779270000

Metaspace:

Usage:
  Non-class:     44.07 MB used.
      Class:      6.75 MB used.
       Both:     50.82 MB used.

Virtual space:
  Non-class space:       64.00 MB reserved,      44.44 MB ( 69%) committed,  1 nodes.
      Class space:        1.00 GB reserved,       7.12 MB ( <1%) committed,  1 nodes.
             Both:        1.06 GB reserved,      51.56 MB (  5%) committed. 

Chunk freelists:
   Non-Class:  2.94 MB
       Class:  880.00 KB
        Both:  3.80 MB

MaxMetaspaceSize: unlimited
CompressedClassSpaceSize: 1.00 GB
Initial GC threshold: 21.00 MB
Current GC threshold: 58.88 MB
CDS: on
MetaspaceReclaimPolicy: balanced
 - commit_granule_bytes: 65536.
 - commit_granule_words: 8192.
 - virtual_space_node_default_size: 8388608.
 - enlarge_chunks_in_place: 1.
 - new_chunks_are_fully_committed: 0.
 - uncommit_free_chunks: 1.
 - use_allocation_guard: 0.


Internal statistics:

num_allocs_failed_limit: 6.
num_arena_births: 1098.
num_arena_deaths: 0.
num_vsnodes_births: 2.
num_vsnodes_deaths: 0.
num_space_committed: 825.
num_space_uncommitted: 0.
num_chunks_returned_to_freelist: 6.
num_chunks_taken_from_freelist: 2907.
num_chunk_merges: 6.
num_chunk_splits: 2101.
num_chunks_enlarged: 1628.
num_inconsistent_stats: 0.

CodeCache: size=49152Kb used=11508Kb max_used=12755Kb free=37644Kb
 bounds [0x000001d77b350000, 0x000001d77bfd0000, 0x000001d77e350000]
 total_blobs=6951 nmethods=6301 adapters=574
 compilation: enabled
              stopped_count=0, restarted_count=0
 full_count=0

Compilation events (20 events):
Event: 68.883 Thread 0x000001d716c0f890 6293       1       com.alibaba.nacos.shaded.io.grpc.netty.shaded.io.netty.util.AsciiString::hashCode (23 bytes)
Event: 68.883 Thread 0x000001d716c0f890 nmethod 6293 0x000001d77b6bfe10 code [0x000001d77b6bffc0, 0x000001d77b6c0138]
Event: 68.883 Thread 0x000001d716c0f890 6294       1       com.alibaba.nacos.shaded.io.grpc.netty.shaded.io.grpc.netty.GrpcHttp2OutboundHeaders$Itr::next (5 bytes)
Event: 68.883 Thread 0x000001d716c0f890 nmethod 6294 0x000001d77b6bfb10 code [0x000001d77b6bfca0, 0x000001d77b6bfd88]
Event: 68.883 Thread 0x000001d716c0f890 6295       1       com.alibaba.nacos.shaded.io.grpc.netty.shaded.io.grpc.netty.GrpcHttp2OutboundHeaders$Itr::next (97 bytes)
Event: 68.883 Thread 0x000001d716c0f890 nmethod 6295 0x000001d77b6bf490 code [0x000001d77b6bf640, 0x000001d77b6bf988]
Event: 68.883 Thread 0x000001d716c0f890 6297       1       com.alibaba.nacos.shaded.io.grpc.netty.shaded.io.grpc.netty.GrpcHttp2OutboundHeaders$Itr::getKey (5 bytes)
Event: 68.883 Thread 0x000001d716c0f890 nmethod 6297 0x000001d77b6bf190 code [0x000001d77b6bf320, 0x000001d77b6bf3f8]
Event: 68.883 Thread 0x000001d716c0f890 6298       1       com.alibaba.nacos.shaded.io.grpc.netty.shaded.io.grpc.netty.GrpcHttp2OutboundHeaders$Itr::getValue (5 bytes)
Event: 68.883 Thread 0x000001d716c0f890 nmethod 6298 0x000001d77b6bee90 code [0x000001d77b6bf020, 0x000001d77b6bf0f8]
Event: 68.883 Thread 0x000001d716c0f890 6296       1       com.alibaba.nacos.shaded.io.grpc.netty.shaded.io.grpc.netty.GrpcHttp2OutboundHeaders::access$100 (5 bytes)
Event: 68.883 Thread 0x000001d716c0f890 nmethod 6296 0x000001d77b6beb90 code [0x000001d77b6bed20, 0x000001d77b6bedd8]
Event: 68.883 Thread 0x000001d716c0f890 6299       1       com.alibaba.nacos.shaded.io.grpc.netty.shaded.io.netty.handler.codec.http2.Http2HeadersEncoder$1::isSensitive (2 bytes)
Event: 68.883 Thread 0x000001d716c0f890 nmethod 6299 0x000001d77b6be890 code [0x000001d77b6bea20, 0x000001d77b6beaf8]
Event: 68.884 Thread 0x000001d716c0f890 6300       1       com.alibaba.nacos.shaded.io.grpc.netty.shaded.io.netty.channel.DefaultChannelPipeline::touch (17 bytes)
Event: 68.884 Thread 0x000001d716c0f890 nmethod 6300 0x000001d77b6be410 code [0x000001d77b6be5c0, 0x000001d77b6be7c8]
Event: 68.884 Thread 0x000001d716c0f890 6301       1       com.alibaba.nacos.shaded.io.grpc.netty.shaded.io.netty.util.ReferenceCountUtil::touch (20 bytes)
Event: 68.884 Thread 0x000001d716c0f890 nmethod 6301 0x000001d77b6be010 code [0x000001d77b6be1c0, 0x000001d77b6be368]
Event: 68.884 Thread 0x000001d716c0f890 6302       1       com.alibaba.nacos.shaded.io.grpc.netty.shaded.io.netty.util.collection.IntObjectHashMap::indexOf (44 bytes)
Event: 68.885 Thread 0x000001d716c0f890 nmethod 6302 0x000001d77b6bdb90 code [0x000001d77b6bdd40, 0x000001d77b6bdef8]

GC Heap History (20 events):
Event: 1.059 GC heap after
{Heap after GC invocations=2 (full 0):
 garbage-first heap   total 258048K, used 9334K [0x0000000704200000, 0x0000000800000000)
  region size 2048K, 1 young (2048K), 1 survivors (2048K)
 Metaspace       used 10973K, committed 11264K, reserved 1114112K
  class space    used 1407K, committed 1536K, reserved 1048576K
}
Event: 1.584 GC heap before
{Heap before GC invocations=2 (full 0):
 garbage-first heap   total 258048K, used 66678K [0x0000000704200000, 0x0000000800000000)
  region size 2048K, 29 young (59392K), 1 survivors (2048K)
 Metaspace       used 20890K, committed 21312K, reserved 1114112K
  class space    used 2720K, committed 2944K, reserved 1048576K
}
Event: 1.587 GC heap after
{Heap after GC invocations=3 (full 0):
 garbage-first heap   total 258048K, used 14179K [0x0000000704200000, 0x0000000800000000)
  region size 2048K, 4 young (8192K), 4 survivors (8192K)
 Metaspace       used 20890K, committed 21312K, reserved 1114112K
  class space    used 2720K, committed 2944K, reserved 1048576K
}
Event: 1.650 GC heap before
{Heap before GC invocations=3 (full 0):
 garbage-first heap   total 258048K, used 22371K [0x0000000704200000, 0x0000000800000000)
  region size 2048K, 9 young (18432K), 4 survivors (8192K)
 Metaspace       used 21105K, committed 21504K, reserved 1114112K
  class space    used 2755K, committed 2944K, reserved 1048576K
}
Event: 1.653 GC heap after
{Heap after GC invocations=4 (full 0):
 garbage-first heap   total 258048K, used 14902K [0x0000000704200000, 0x0000000800000000)
  region size 2048K, 4 young (8192K), 4 survivors (8192K)
 Metaspace       used 21105K, committed 21504K, reserved 1114112K
  class space    used 2755K, committed 2944K, reserved 1048576K
}
Event: 1.982 GC heap before
{Heap before GC invocations=5 (full 0):
 garbage-first heap   total 61440K, used 49718K [0x0000000704200000, 0x0000000800000000)
  region size 2048K, 21 young (43008K), 4 survivors (8192K)
 Metaspace       used 23950K, committed 24384K, reserved 1114112K
  class space    used 3195K, committed 3392K, reserved 1048576K
}
Event: 1.988 GC heap after
{Heap after GC invocations=6 (full 0):
 garbage-first heap   total 61440K, used 16976K [0x0000000704200000, 0x0000000800000000)
  region size 2048K, 2 young (4096K), 2 survivors (4096K)
 Metaspace       used 23950K, committed 24384K, reserved 1114112K
  class space    used 3195K, committed 3392K, reserved 1048576K
}
Event: 2.009 GC heap before
{Heap before GC invocations=6 (full 0):
 garbage-first heap   total 61440K, used 19024K [0x0000000704200000, 0x0000000800000000)
  region size 2048K, 3 young (6144K), 2 survivors (4096K)
 Metaspace       used 24333K, committed 24768K, reserved 1114112K
  class space    used 3254K, committed 3456K, reserved 1048576K
}
Event: 2.011 GC heap after
{Heap after GC invocations=7 (full 0):
 garbage-first heap   total 61440K, used 16862K [0x0000000704200000, 0x0000000800000000)
  region size 2048K, 1 young (2048K), 1 survivors (2048K)
 Metaspace       used 24333K, committed 24768K, reserved 1114112K
  class space    used 3254K, committed 3456K, reserved 1048576K
}
Event: 2.258 GC heap before
{Heap before GC invocations=7 (full 0):
 garbage-first heap   total 61440K, used 39390K [0x0000000704200000, 0x0000000800000000)
  region size 2048K, 13 young (26624K), 1 survivors (2048K)
 Metaspace       used 28464K, committed 28992K, reserved 1114112K
  class space    used 3777K, committed 4032K, reserved 1048576K
}
Event: 2.262 GC heap after
{Heap after GC invocations=8 (full 0):
 garbage-first heap   total 159744K, used 18246K [0x0000000704200000, 0x0000000800000000)
  region size 2048K, 2 young (4096K), 2 survivors (4096K)
 Metaspace       used 28464K, committed 28992K, reserved 1114112K
  class space    used 3777K, committed 4032K, reserved 1048576K
}
Event: 2.877 GC heap before
{Heap before GC invocations=8 (full 0):
 garbage-first heap   total 159744K, used 106310K [0x0000000704200000, 0x0000000800000000)
  region size 2048K, 46 young (94208K), 2 survivors (4096K)
 Metaspace       used 33373K, committed 33984K, reserved 1114112K
  class space    used 4467K, committed 4736K, reserved 1048576K
}
Event: 2.881 GC heap after
{Heap after GC invocations=9 (full 0):
 garbage-first heap   total 159744K, used 23082K [0x0000000704200000, 0x0000000800000000)
  region size 2048K, 4 young (8192K), 4 survivors (8192K)
 Metaspace       used 33373K, committed 33984K, reserved 1114112K
  class space    used 4467K, committed 4736K, reserved 1048576K
}
Event: 3.370 GC heap before
{Heap before GC invocations=9 (full 0):
 garbage-first heap   total 159744K, used 96810K [0x0000000704200000, 0x0000000800000000)
  region size 2048K, 41 young (83968K), 4 survivors (8192K)
 Metaspace       used 35519K, committed 36096K, reserved 1114112K
  class space    used 4789K, committed 5056K, reserved 1048576K
}
Event: 3.374 GC heap after
{Heap after GC invocations=10 (full 0):
 garbage-first heap   total 159744K, used 26464K [0x0000000704200000, 0x0000000800000000)
  region size 2048K, 5 young (10240K), 5 survivors (10240K)
 Metaspace       used 35519K, committed 36096K, reserved 1114112K
  class space    used 4789K, committed 5056K, reserved 1048576K
}
Event: 3.837 GC heap before
{Heap before GC invocations=11 (full 0):
 garbage-first heap   total 102400K, used 77664K [0x0000000704200000, 0x0000000800000000)
  region size 2048K, 30 young (61440K), 5 survivors (10240K)
 Metaspace       used 41254K, committed 41984K, reserved 1114112K
  class space    used 5607K, committed 5952K, reserved 1048576K
}
Event: 3.842 GC heap after
{Heap after GC invocations=12 (full 0):
 garbage-first heap   total 102400K, used 28238K [0x0000000704200000, 0x0000000800000000)
  region size 2048K, 3 young (6144K), 3 survivors (6144K)
 Metaspace       used 41254K, committed 41984K, reserved 1114112K
  class space    used 5607K, committed 5952K, reserved 1048576K
}
Event: 3.843 GC heap before
{Heap before GC invocations=12 (full 0):
 garbage-first heap   total 102400K, used 30286K [0x0000000704200000, 0x0000000800000000)
  region size 2048K, 4 young (8192K), 3 survivors (6144K)
 Metaspace       used 41266K, committed 41984K, reserved 1114112K
  class space    used 5609K, committed 5952K, reserved 1048576K
}
Event: 3.846 GC heap after
{Heap after GC invocations=13 (full 0):
 garbage-first heap   total 102400K, used 28347K [0x0000000704200000, 0x0000000800000000)
  region size 2048K, 1 young (2048K), 1 survivors (2048K)
 Metaspace       used 41266K, committed 41984K, reserved 1114112K
  class space    used 5609K, committed 5952K, reserved 1048576K
}
Event: 68.885 GC heap before
{Heap before GC invocations=13 (full 0):
 garbage-first heap   total 102400K, used 77499K [0x0000000704200000, 0x0000000800000000)
  region size 2048K, 26 young (53248K), 1 survivors (2048K)
 Metaspace       used 52042K, committed 52800K, reserved 1114112K
  class space    used 6914K, committed 7296K, reserved 1048576K
}

Dll operation events (13 events):
Event: 0.012 Loaded shared library D:\workspace\environment\javaenvironment\jdk\jdk19\bin\java.dll
Event: 0.024 Loaded shared library D:\workspace\environment\javaenvironment\jdk\jdk19\bin\jsvml.dll
Event: 0.174 Loaded shared library D:\workspace\environment\javaenvironment\jdk\jdk19\bin\zip.dll
Event: 0.178 Loaded shared library D:\workspace\environment\javaenvironment\jdk\jdk19\bin\instrument.dll
Event: 0.184 Loaded shared library D:\workspace\environment\javaenvironment\jdk\jdk19\bin\net.dll
Event: 0.186 Loaded shared library D:\workspace\environment\javaenvironment\jdk\jdk19\bin\nio.dll
Event: 0.188 Loaded shared library D:\workspace\environment\javaenvironment\jdk\jdk19\bin\zip.dll
Event: 0.279 Loaded shared library D:\software\worksoftware\iterllijdownloadsoftware\IntelliJ IDEA Ultimate\bin\breakgen64.dll
Event: 0.283 Loaded shared library D:\workspace\environment\javaenvironment\jdk\jdk19\bin\jimage.dll
Event: 0.287 Loaded shared library D:\workspace\environment\javaenvironment\jdk\jdk19\bin\extnet.dll
Event: 0.300 Loaded shared library D:\workspace\environment\javaenvironment\jdk\jdk19\bin\management.dll
Event: 0.308 Loaded shared library D:\workspace\environment\javaenvironment\jdk\jdk19\bin\management_ext.dll
Event: 1.400 Loaded shared library D:\workspace\environment\javaenvironment\jdk\jdk19\bin\sunmscapi.dll

Deoptimization events (20 events):
Event: 0.400 Thread 0x000001d77b2ae9a0 DEOPT PACKING pc=0x000001d77b73ced0 sp=0x0000000b379fd360
Event: 0.400 Thread 0x000001d77b2ae9a0 DEOPT UNPACKING pc=0x000001d77b3bb0e3 sp=0x0000000b379fc818 mode 3
Event: 1.182 Thread 0x000001d77b2ae9a0 DEOPT PACKING pc=0x000001d77b600e3d sp=0x0000000b379fef60
Event: 1.182 Thread 0x000001d77b2ae9a0 DEOPT UNPACKING pc=0x000001d77b3bb0e3 sp=0x0000000b379fe398 mode 3
Event: 1.258 Thread 0x000001d77b2ae9a0 DEOPT PACKING pc=0x000001d77b5dd8fc sp=0x0000000b379fef00
Event: 1.258 Thread 0x000001d77b2ae9a0 DEOPT UNPACKING pc=0x000001d77b3bb0e3 sp=0x0000000b379fe390 mode 3
Event: 1.287 Thread 0x000001d77b2ae9a0 DEOPT PACKING pc=0x000001d77b983719 sp=0x0000000b379fd610
Event: 1.287 Thread 0x000001d77b2ae9a0 DEOPT UNPACKING pc=0x000001d77b3bb0e3 sp=0x0000000b379fcaf0 mode 3
Event: 2.184 Thread 0x000001d77b2ae9a0 DEOPT PACKING pc=0x000001d77bc24752 sp=0x0000000b379fdfb0
Event: 2.184 Thread 0x000001d77b2ae9a0 DEOPT UNPACKING pc=0x000001d77b3bb0e3 sp=0x0000000b379fd548 mode 0
Event: 2.607 Thread 0x000001d77b2ae9a0 DEOPT PACKING pc=0x000001d77bcd3d25 sp=0x0000000b379fc680
Event: 2.607 Thread 0x000001d77b2ae9a0 DEOPT UNPACKING pc=0x000001d77b3bb0e3 sp=0x0000000b379fbbe8 mode 3
Event: 3.363 Thread 0x000001d77b2ae9a0 DEOPT PACKING pc=0x000001d77b994872 sp=0x0000000b379fdc70
Event: 3.363 Thread 0x000001d77b2ae9a0 DEOPT UNPACKING pc=0x000001d77b3bb0e3 sp=0x0000000b379fd178 mode 3
Event: 3.363 Thread 0x000001d77b2ae9a0 DEOPT PACKING pc=0x000001d77b965a84 sp=0x0000000b379fdc30
Event: 3.363 Thread 0x000001d77b2ae9a0 DEOPT UNPACKING pc=0x000001d77b3bb0e3 sp=0x0000000b379fd178 mode 3
Event: 3.677 Thread 0x000001d77b2ae9a0 DEOPT PACKING pc=0x000001d77b98473d sp=0x0000000b379fd610
Event: 3.677 Thread 0x000001d77b2ae9a0 DEOPT UNPACKING pc=0x000001d77b3bb0e3 sp=0x0000000b379fca48 mode 3
Event: 14.184 Thread 0x000001d7187dea80 DEOPT PACKING pc=0x000001d77bfb3288 sp=0x0000000b3bbfef10
Event: 14.184 Thread 0x000001d7187dea80 DEOPT UNPACKING pc=0x000001d77b3bb0e3 sp=0x0000000b3bbfe4c0 mode 3

Classes loaded (20 events):
Event: 8.168 Loading class jdk/internal/math/FDBigInteger
Event: 8.168 Loading class jdk/internal/math/FDBigInteger done
Event: 8.169 Loading class jdk/internal/math/FormattedFloatingDecimal$2
Event: 8.169 Loading class jdk/internal/math/FormattedFloatingDecimal$2 done
Event: 8.180 Loading class java/text/ParsePosition
Event: 8.180 Loading class java/text/ParsePosition done
Event: 8.180 Loading class java/text/CalendarBuilder
Event: 8.180 Loading class java/text/CalendarBuilder done
Event: 8.186 Loading class java/time/format/DateTimeFormatterBuilder$ZoneTextPrinterParser
Event: 8.187 Loading class java/time/format/DateTimeFormatterBuilder$ZoneTextPrinterParser done
Event: 8.187 Loading class java/time/format/DateTimeFormatterBuilder$ReducedPrinterParser
Event: 8.187 Loading class java/time/format/DateTimeFormatterBuilder$ReducedPrinterParser done
Event: 8.188 Loading class java/util/ArrayDeque$DescendingIterator
Event: 8.189 Loading class java/util/ArrayDeque$DescendingIterator done
Event: 8.383 Loading class java/util/ArrayList$SubList$2
Event: 8.383 Loading class java/util/ArrayList$SubList$2 done
Event: 13.153 Loading class java/io/CharArrayWriter
Event: 13.154 Loading class java/io/CharArrayWriter done
Event: 14.028 Loading class java/util/concurrent/atomic/Striped64$Cell
Event: 14.028 Loading class java/util/concurrent/atomic/Striped64$Cell done

Classes unloaded (0 events):
No events

Classes redefined (0 events):
No events

Internal exceptions (20 events):
Event: 4.739 Thread 0x000001d717b2b8e0 Exception <a 'java/lang/NoSuchMethodError'{0x00000007082df408}: 'java.lang.ClassLoader java.lang.Class.getClassLoader(java.lang.Class)'> (0x00000007082df408) 
thrown [s\open\src\hotspot\share\interpreter\linkResolver.cpp, line 774]
Event: 8.029 Thread 0x000001d71855c580 Exception <a 'java/lang/NoSuchMethodError'{0x0000000707e0e730}: 'java.lang.Object java.lang.invoke.DirectMethodHandle$Holder.invokeSpecial(java.lang.Object, java.lang.Object, java.lang.Object, java.lang.Object, java.lang.Object, long)'> (0x0000000707e0e730) 
thrown [s\open\src\hotspot\share\interpreter\linkResolver.cpp, line 774]
Event: 8.029 Thread 0x000001d71855c580 Exception <a 'java/lang/NoSuchMethodError'{0x0000000707e121c0}: 'java.lang.Object java.lang.invoke.Invokers$Holder.linkToTargetMethod(java.lang.Object, java.lang.Object, java.lang.Object, long, java.lang.Object)'> (0x0000000707e121c0) 
thrown [s\open\src\hotspot\share\interpreter\linkResolver.cpp, line 774]
Event: 8.137 Thread 0x000001d718c50310 Exception <a 'java/net/BindException'{0x0000000707a92798}: Address already in use: bind> (0x0000000707a92798) 
thrown [s\open\src\hotspot\share\prims\jni.cpp, line 536]
Event: 8.172 Thread 0x000001d718c50310 Exception <a 'java/net/BindException'{0x0000000707a92c38}: Address already in use: bind> (0x0000000707a92c38) 
thrown [s\open\src\hotspot\share\prims\jni.cpp, line 536]
Event: 8.203 Thread 0x000001d718c50310 Exception <a 'java/net/BindException'{0x0000000707a930d8}: Address already in use: bind> (0x0000000707a930d8) 
thrown [s\open\src\hotspot\share\prims\jni.cpp, line 536]
Event: 8.235 Thread 0x000001d718c50310 Exception <a 'sun/nio/fs/WindowsException'{0x0000000707a99300}> (0x0000000707a99300) 
thrown [s\open\src\hotspot\share\prims\jni.cpp, line 517]
Event: 8.382 Thread 0x000001d71855b590 Exception <a 'java/lang/NoSuchMethodError'{0x00000007076afaa8}: 'java.lang.Object java.lang.invoke.DirectMethodHandle$Holder.invokeStatic(java.lang.Object, int, int)'> (0x00000007076afaa8) 
thrown [s\open\src\hotspot\share\interpreter\linkResolver.cpp, line 774]
Event: 13.715 Thread 0x000001d7187dda90 Exception <a 'java/io/FileNotFoundException'{0x0000000707432bb0}> (0x0000000707432bb0) 
thrown [s\open\src\hotspot\share\prims\jni.cpp, line 517]
Event: 13.715 Thread 0x000001d7187dda90 Exception <a 'java/io/FileNotFoundException'{0x0000000707433338}> (0x0000000707433338) 
thrown [s\open\src\hotspot\share\prims\jni.cpp, line 517]
Event: 23.724 Thread 0x000001d7187dda90 Exception <a 'java/io/FileNotFoundException'{0x00000007074d25c8}> (0x00000007074d25c8) 
thrown [s\open\src\hotspot\share\prims\jni.cpp, line 517]
Event: 23.724 Thread 0x000001d7187dda90 Exception <a 'java/io/FileNotFoundException'{0x00000007074d2d38}> (0x00000007074d2d38) 
thrown [s\open\src\hotspot\share\prims\jni.cpp, line 517]
Event: 33.736 Thread 0x000001d7187dda90 Exception <a 'java/io/FileNotFoundException'{0x0000000707565268}> (0x0000000707565268) 
thrown [s\open\src\hotspot\share\prims\jni.cpp, line 517]
Event: 33.736 Thread 0x000001d7187dda90 Exception <a 'java/io/FileNotFoundException'{0x00000007075659d8}> (0x00000007075659d8) 
thrown [s\open\src\hotspot\share\prims\jni.cpp, line 517]
Event: 43.740 Thread 0x000001d7187dda90 Exception <a 'java/io/FileNotFoundException'{0x0000000707247a78}> (0x0000000707247a78) 
thrown [s\open\src\hotspot\share\prims\jni.cpp, line 517]
Event: 43.740 Thread 0x000001d7187dda90 Exception <a 'java/io/FileNotFoundException'{0x00000007072481e8}> (0x00000007072481e8) 
thrown [s\open\src\hotspot\share\prims\jni.cpp, line 517]
Event: 53.745 Thread 0x000001d7187dda90 Exception <a 'java/io/FileNotFoundException'{0x000000070724a240}> (0x000000070724a240) 
thrown [s\open\src\hotspot\share\prims\jni.cpp, line 517]
Event: 53.745 Thread 0x000001d7187dda90 Exception <a 'java/io/FileNotFoundException'{0x00000007072f12c0}> (0x00000007072f12c0) 
thrown [s\open\src\hotspot\share\prims\jni.cpp, line 517]
Event: 63.747 Thread 0x000001d7187dda90 Exception <a 'java/io/FileNotFoundException'{0x0000000707386570}> (0x0000000707386570) 
thrown [s\open\src\hotspot\share\prims\jni.cpp, line 517]
Event: 63.747 Thread 0x000001d7187dda90 Exception <a 'java/io/FileNotFoundException'{0x0000000707386ce0}> (0x0000000707386ce0) 
thrown [s\open\src\hotspot\share\prims\jni.cpp, line 517]

VM Operations (20 events):
Event: 29.451 Executing VM operation: Cleanup done
Event: 39.523 Executing VM operation: Cleanup
Event: 39.523 Executing VM operation: Cleanup done
Event: 42.552 Executing VM operation: Cleanup
Event: 42.552 Executing VM operation: Cleanup done
Event: 43.565 Executing VM operation: Cleanup
Event: 43.566 Executing VM operation: Cleanup done
Event: 54.635 Executing VM operation: Cleanup
Event: 54.635 Executing VM operation: Cleanup done
Event: 55.649 Executing VM operation: Cleanup
Event: 55.649 Executing VM operation: Cleanup done
Event: 59.682 Executing VM operation: Cleanup
Event: 59.682 Executing VM operation: Cleanup done
Event: 64.731 Executing VM operation: Cleanup
Event: 64.731 Executing VM operation: Cleanup done
Event: 65.735 Executing VM operation: Cleanup
Event: 65.735 Executing VM operation: Cleanup done
Event: 68.756 Executing VM operation: Cleanup
Event: 68.756 Executing VM operation: Cleanup done
Event: 68.885 Executing VM operation: G1CollectForAllocation

Events (20 events):
Event: 48.544 Thread 0x000001d718c51850 Thread added: 0x000001d718c51850
Event: 48.824 Thread 0x000001d718c50db0 Thread exited: 0x000001d718c50db0
Event: 48.824 Thread 0x000001d718c4c8a0 Thread exited: 0x000001d718c4c8a0
Event: 48.827 Thread 0x000001d718c4b8b0 Thread added: 0x000001d718c4b8b0
Event: 48.827 Thread 0x000001d718c4c8a0 Thread added: 0x000001d718c4c8a0
Event: 53.822 Thread 0x000001d718c4e880 Thread exited: 0x000001d718c4e880
Event: 53.822 Thread 0x000001d718c52840 Thread exited: 0x000001d718c52840
Event: 53.841 Thread 0x000001d718c4e880 Thread added: 0x000001d718c4e880
Event: 55.541 Thread 0x000001d718c4edd0 Thread added: 0x000001d718c4edd0
Event: 58.835 Thread 0x000001d718c4b8b0 Thread exited: 0x000001d718c4b8b0
Event: 58.835 Thread 0x000001d718c4c8a0 Thread exited: 0x000001d718c4c8a0
Event: 58.854 Thread 0x000001d718c50db0 Thread added: 0x000001d718c50db0
Event: 62.544 Thread 0x000001d718c52840 Thread added: 0x000001d718c52840
Event: 63.854 Thread 0x000001d718c4e880 Thread exited: 0x000001d718c4e880
Event: 63.873 Thread 0x000001d718c4f320 Thread added: 0x000001d718c4f320
Event: 63.873 Thread 0x000001d718c52d90 Thread added: 0x000001d718c52d90
Event: 64.152 Thread 0x000001d7187e3a30 Thread exited: 0x000001d7187e3a30
Event: 68.867 Thread 0x000001d718c50db0 Thread exited: 0x000001d718c50db0
Event: 68.885 Thread 0x000001d718c4dde0 Thread added: 0x000001d718c4dde0
Event: 68.885 Thread 0x000001d718c4b8b0 Thread added: 0x000001d718c4b8b0


Dynamic libraries:
0x00007ff68a360000 - 0x00007ff68a370000 	D:\workspace\environment\javaenvironment\jdk\jdk19\bin\java.exe
0x00007ffc74390000 - 0x00007ffc745a7000 	C:\Windows\SYSTEM32\ntdll.dll
0x00007ffc73890000 - 0x00007ffc73954000 	C:\Windows\System32\KERNEL32.DLL
0x00007ffc716b0000 - 0x00007ffc71a5d000 	C:\Windows\System32\KERNELBASE.dll
0x00007ffc71c50000 - 0x00007ffc71d61000 	C:\Windows\System32\ucrtbase.dll
0x00007ffc5bf70000 - 0x00007ffc5bf8b000 	D:\workspace\environment\javaenvironment\jdk\jdk19\bin\VCRUNTIME140.dll
0x00007ffc5bf50000 - 0x00007ffc5bf68000 	D:\workspace\environment\javaenvironment\jdk\jdk19\bin\jli.dll
0x00007ffc73f80000 - 0x00007ffc74032000 	C:\Windows\System32\ADVAPI32.dll
0x00007ffc740d0000 - 0x00007ffc74177000 	C:\Windows\System32\msvcrt.dll
0x00007ffc73960000 - 0x00007ffc73a09000 	C:\Windows\System32\sechost.dll
0x00007ffc71d70000 - 0x00007ffc71d98000 	C:\Windows\System32\bcrypt.dll
0x00007ffc74230000 - 0x00007ffc74344000 	C:\Windows\System32\RPCRT4.dll
0x00007ffc735e0000 - 0x00007ffc7378e000 	C:\Windows\System32\USER32.dll
0x00007ffc71a60000 - 0x00007ffc71a86000 	C:\Windows\System32\win32u.dll
0x00007ffc72820000 - 0x00007ffc72849000 	C:\Windows\System32\GDI32.dll
0x00007ffc71b30000 - 0x00007ffc71c49000 	C:\Windows\System32\gdi32full.dll
0x00007ffc5e6b0000 - 0x00007ffc5e943000 	C:\Windows\WinSxS\amd64_microsoft.windows.common-controls_6595b64144ccf1df_6.0.22621.3672_none_2713b9d173822955\COMCTL32.dll
0x00007ffc71a90000 - 0x00007ffc71b2a000 	C:\Windows\System32\msvcp_win.dll
0x00007ffc67a90000 - 0x00007ffc67a9a000 	C:\Windows\SYSTEM32\VERSION.dll
0x00007ffc728b0000 - 0x00007ffc728e1000 	C:\Windows\System32\IMM32.DLL
0x00007ffc45fd0000 - 0x00007ffc45fdc000 	D:\workspace\environment\javaenvironment\jdk\jdk19\bin\vcruntime140_1.dll
0x00007ffbffe40000 - 0x00007ffbffece000 	D:\workspace\environment\javaenvironment\jdk\jdk19\bin\msvcp140.dll
0x00007ffbd3f20000 - 0x00007ffbd4be0000 	D:\workspace\environment\javaenvironment\jdk\jdk19\bin\server\jvm.dll
0x00007ffc5d090000 - 0x00007ffc5d099000 	C:\Windows\SYSTEM32\WSOCK32.dll
0x00007ffc67b10000 - 0x00007ffc67b44000 	C:\Windows\SYSTEM32\WINMM.dll
0x00007ffc720c0000 - 0x00007ffc72131000 	C:\Windows\System32\WS2_32.dll
0x00007ffc707f0000 - 0x00007ffc70808000 	C:\Windows\SYSTEM32\kernel.appcore.dll
0x00007ffc45fc0000 - 0x00007ffc45fca000 	D:\workspace\environment\javaenvironment\jdk\jdk19\bin\jimage.dll
0x00007ffc6f000000 - 0x00007ffc6f232000 	C:\Windows\SYSTEM32\DBGHELP.DLL
0x00007ffc73b10000 - 0x00007ffc73e9e000 	C:\Windows\System32\combase.dll
0x00007ffc72aa0000 - 0x00007ffc72b77000 	C:\Windows\System32\OLEAUT32.dll
0x00007ffc62e80000 - 0x00007ffc62eb2000 	C:\Windows\SYSTEM32\dbgcore.DLL
0x00007ffc71da0000 - 0x00007ffc71e1b000 	C:\Windows\System32\bcryptPrimitives.dll
0x00007ffc6b120000 - 0x00007ffc6b12e000 	D:\workspace\environment\javaenvironment\jdk\jdk19\bin\instrument.dll
0x00007ffc3e400000 - 0x00007ffc3e426000 	D:\workspace\environment\javaenvironment\jdk\jdk19\bin\java.dll
0x00007ffbfec20000 - 0x00007ffbfecf7000 	D:\workspace\environment\javaenvironment\jdk\jdk19\bin\jsvml.dll
0x00007ffc72d70000 - 0x00007ffc735d7000 	C:\Windows\System32\SHELL32.dll
0x00007ffc6f640000 - 0x00007ffc6ff3f000 	C:\Windows\SYSTEM32\windows.storage.dll
0x00007ffc6f500000 - 0x00007ffc6f63f000 	C:\Windows\SYSTEM32\wintypes.dll
0x00007ffc73790000 - 0x00007ffc73889000 	C:\Windows\System32\SHCORE.dll
0x00007ffc73ab0000 - 0x00007ffc73b0e000 	C:\Windows\System32\shlwapi.dll
0x00007ffc715e0000 - 0x00007ffc71607000 	C:\Windows\SYSTEM32\profapi.dll
0x00007ffc3c190000 - 0x00007ffc3c1a8000 	D:\workspace\environment\javaenvironment\jdk\jdk19\bin\zip.dll
0x00007ffc3e050000 - 0x00007ffc3e063000 	D:\workspace\environment\javaenvironment\jdk\jdk19\bin\net.dll
0x00007ffc69440000 - 0x00007ffc69576000 	C:\Windows\SYSTEM32\WINHTTP.dll
0x00007ffc70c60000 - 0x00007ffc70cc9000 	C:\Windows\system32\mswsock.dll
0x00007ffc3dd80000 - 0x00007ffc3dd96000 	D:\workspace\environment\javaenvironment\jdk\jdk19\bin\nio.dll
0x00007ffc5dc10000 - 0x00007ffc5dc2a000 	D:\software\worksoftware\iterllijdownloadsoftware\IntelliJ IDEA Ultimate\bin\breakgen64.dll
0x00007ffc5bf40000 - 0x00007ffc5bf48000 	D:\workspace\environment\javaenvironment\jdk\jdk19\bin\extnet.dll
0x00007ffc701c0000 - 0x00007ffc702b8000 	C:\Windows\SYSTEM32\DNSAPI.dll
0x00007ffc70190000 - 0x00007ffc701bd000 	C:\Windows\SYSTEM32\IPHLPAPI.DLL
0x00007ffc72ba0000 - 0x00007ffc72ba9000 	C:\Windows\System32\NSI.dll
0x00007ffc67e80000 - 0x00007ffc67e8a000 	C:\Windows\System32\rasadhlp.dll
0x00007ffc67eb0000 - 0x00007ffc67f33000 	C:\Windows\System32\fwpuclnt.dll
0x00007ffc6b0f0000 - 0x00007ffc6b0fa000 	D:\workspace\environment\javaenvironment\jdk\jdk19\bin\management.dll
0x00007ffc6b0e0000 - 0x00007ffc6b0eb000 	D:\workspace\environment\javaenvironment\jdk\jdk19\bin\management_ext.dll
0x00007ffc73aa0000 - 0x00007ffc73aa8000 	C:\Windows\System32\PSAPI.DLL
0x00007ffc70ec0000 - 0x00007ffc70edb000 	C:\Windows\SYSTEM32\CRYPTSP.dll
0x00007ffc70750000 - 0x00007ffc70785000 	C:\Windows\system32\rsaenh.dll
0x00007ffc70d50000 - 0x00007ffc70d78000 	C:\Windows\SYSTEM32\USERENV.dll
0x00007ffc70eb0000 - 0x00007ffc70ebc000 	C:\Windows\SYSTEM32\CRYPTBASE.dll
0x00007ffc691a0000 - 0x00007ffc691b9000 	C:\Windows\SYSTEM32\dhcpcsvc6.DLL
0x00007ffc69170000 - 0x00007ffc6918f000 	C:\Windows\SYSTEM32\dhcpcsvc.DLL
0x00007ffc1fa80000 - 0x00007ffc1fa97000 	C:\Windows\system32\napinsp.dll
0x00007ffc1fa60000 - 0x00007ffc1fa7b000 	C:\Windows\system32\pnrpnsp.dll
0x00007ffc1e410000 - 0x00007ffc1e421000 	C:\Windows\System32\winrnr.dll
0x00007ffc3a710000 - 0x00007ffc3a725000 	C:\Windows\system32\wshbth.dll
0x00007ffc1e3e0000 - 0x00007ffc1e407000 	C:\Windows\system32\nlansp_c.dll
0x00007ffc68610000 - 0x00007ffc6861e000 	D:\workspace\environment\javaenvironment\jdk\jdk19\bin\sunmscapi.dll
0x00007ffc71f50000 - 0x00007ffc720b6000 	C:\Windows\System32\CRYPT32.dll
0x00007ffc71050000 - 0x00007ffc7107e000 	C:\Windows\SYSTEM32\ncrypt.dll
0x00007ffc71010000 - 0x00007ffc71047000 	C:\Windows\SYSTEM32\NTASN1.dll
0x00007ffc52630000 - 0x00007ffc52638000 	C:\Windows\system32\wshunix.dll
0x00007ffc46480000 - 0x00007ffc464d9000 	C:\Windows\SYSTEM32\pdh.dll
0x00007ffc40180000 - 0x00007ffc40191000 	C:\Windows\System32\perfproc.dll
0x00007ffc16dc0000 - 0x00007ffc16dd0000 	C:\Windows\System32\perfos.dll
0x00007ffc6e890000 - 0x00007ffc6e8a0000 	C:\Windows\SYSTEM32\pfclient.dll

dbghelp: loaded successfully - version: 4.0.5 - missing functions: none
symbol engine: initialized successfully - sym options: 0x614 - pdb path: .;D:\workspace\environment\javaenvironment\jdk\jdk19\bin;C:\Windows\SYSTEM32;C:\Windows\WinSxS\amd64_microsoft.windows.common-controls_6595b64144ccf1df_6.0.22621.3672_none_2713b9d173822955;D:\workspace\environment\javaenvironment\jdk\jdk19\bin\server;D:\software\worksoftware\iterllijdownloadsoftware\IntelliJ IDEA Ultimate\bin

VM Arguments:
jvm_args: -XX:TieredStopAtLevel=1 -Dspring.output.ansi.enabled=always -Dcom.sun.management.jmxremote -Dspring.jmx.enabled=true -Dspring.liveBeansView.mbeanDomain -Dspring.application.admin.enabled=true -Dmanagement.endpoints.jmx.exposure.include=* -javaagent:D:\software\worksoftware\iterllijdownloadsoftware\IntelliJ IDEA Ultimate\lib\idea_rt.jar=53361:D:\software\worksoftware\iterllijdownloadsoftware\IntelliJ IDEA Ultimate\bin -Dfile.encoding=UTF-8 -Dsun.stdout.encoding=UTF-8 -Dsun.stderr.encoding=UTF-8 
java_command: com.xi.cloud.Main9001
java_class_path (initial): D:\workspace\stuspace\javaProject\cloud\cloud2024\cloudalibaba-provider-payment9001\target\classes;D:\workspace\environment\apache-maven-3.9.8-bin\apache-maven-3.9.8\maven_resp\mvn_resp\org\springframework\cloud\spring-cloud-starter-openfeign\4.1.0\spring-cloud-starter-openfeign-4.1.0.jar;D:\workspace\environment\apache-maven-3.9.8-bin\apache-maven-3.9.8\maven_resp\mvn_resp\org\springframework\cloud\spring-cloud-starter\4.1.0\spring-cloud-starter-4.1.0.jar;D:\workspace\environment\apache-maven-3.9.8-bin\apache-maven-3.9.8\maven_resp\mvn_resp\org\springframework\security\spring-security-rsa\1.1.1\spring-security-rsa-1.1.1.jar;D:\workspace\environment\apache-maven-3.9.8-bin\apache-maven-3.9.8\maven_resp\mvn_resp\org\bouncycastle\bcprov-jdk18on\1.74\bcprov-jdk18on-1.74.jar;D:\workspace\environment\apache-maven-3.9.8-bin\apache-maven-3.9.8\maven_resp\mvn_resp\org\springframework\cloud\spring-cloud-openfeign-core\4.1.0\spring-cloud-openfeign-core-4.1.0.jar;D:\workspace\environment\apache-maven-3.9.8-bin\apache-maven-3.9.8\maven_resp\mvn_resp\org\springframework\boot\spring-boot-autoconfigure\3.2.0\spring-boot-autoconfigure-3.2.0.jar;D:\workspace\environment\apache-maven-3.9.8-bin\apache-maven-3.9.8\maven_resp\mvn_resp\org\springframework\boot\spring-boot-starter-aop\3.2.0\spring-boot-starter-aop-3.2.0.jar;D:\workspace\environment\apache-maven-3.9.8-bin\apache-maven-3.9.8\maven_resp\mvn_resp\io\github\openfeign\form\feign-form-spring\3.8.0\feign-form-spring-3.8.0.jar;D:\workspace\environment\apache-maven-3.9.8-bin\apache-maven-3.9.8\maven_resp\mvn_resp\io\github\openfeign\form\feign-form\3.8.0\feign-form-3.8.0.jar;D:\workspace\environment\apache-maven-3.9.8-bin\apache-maven-3.9.8\maven_resp\mvn_resp\commons-fileupload\commons-fileupload\1.5\commons-fileupload-1.5.jar;D:\workspace\environment\apache-maven-3.9.8-bin\apache-maven-3.9.8\maven_resp\mvn_resp\commons-io\commons-io\2.11.0\commons-io-2.11.0.jar;D:\workspace\environment\apache-maven-3.9.8-bin\apache-maven-3.9.8\maven_resp\mvn_resp\org\springframework\spring-web\6.1.1\spring-web-6.1.1.jar;D:\workspace\environment\apache-maven-3.9.8-bin\apache-maven-3.9.8\maven_resp\mvn_resp\org\springframework\spring-beans\6.1.1\spring-beans-6.1.1.jar;D:\workspace\environment\apache-maven-3.9.8-bin\apache-maven-3.9.8\maven_resp\mvn_resp\org\springframework\cloud\spring-cloud-commons\4.1.0\spring-cloud-commons-4.1.0.jar;D:\workspace\environment\apache-maven-3.9.8-bin\apache-maven-3.9.8\maven_resp\mvn_resp\org\springframework\security\spring-security-crypto\6.2.0\spring-security-crypto-6.2.0.jar;D:\workspace\environment\apache-maven-3.9.8-bin\apache-maven-3.9.8\maven_resp\mvn_resp\io\github\openfeign\feign-core\13.1\feign-core-13.1.jar;D:\workspace\environment\apache-maven-3.9.8-bin\apache-maven-3.9.8\maven_resp\mvn_resp\io\github\openfeign\feign-slf4j\13.1\feign-slf4j-13.1.jar;D:\workspace\environment\apache-maven-3.9.8-bin\apache-maven-3.9.8\maven_resp\mvn_resp\org\slf4j\slf4j-api\2.0.9\slf4j-api-2.0.9.jar;D:\workspace\environment\apache-maven-3.9.8-bin\apache-maven-3.9.8\maven_resp\mvn_resp\com\alibaba\cloud\spring-cloud-starter-alibaba-sentinel\2022.0.0.0-RC2\spring-cloud-starter-alibaba-sentinel-2022.0.0.0-RC2.jar;D:\workspace\environment\apache-maven-3.9.8-bin\apache-maven-3.9.8\maven_resp\mvn_resp\com\alibaba\csp\sentinel-transport-simple-http\1.8.6\sentinel-transport-simple-http-1.8.6.jar;D:\workspace\environment\apache-maven-3.9.8-bin\apache-maven-3.9.8\maven_resp\mvn_resp\com\alibaba\csp\sentinel-transport-common\1.8.6\sentinel-transport-common-1.8.6.jar;D:\workspace\environment\apache-maven-3.9.8-bin\apache-maven-3.9.8\maven_resp\mvn_resp\com\alibaba\csp\sentinel-datasource-extension\1.8.6\sentinel-datasource-extension-1.8.6.jar;D:\workspace\environment\apache-maven-3.9.8-bin\apache-maven-3.9.8\maven_resp\mvn_resp\com\alibaba\fastjson\1.2.83_noneautotype\fastjson-1.2.83_noneautotype.jar;D:\workspace\environment\apache-maven-3.9.8-bin\apache-maven-3.9.8\maven_resp\mvn_resp\com\alibaba\csp\sentinel-annotation-aspectj\1.8.6\sentinel-annotation-aspectj-1.8.6.jar;D:\workspace\environment\apache-maven-3.9.8-bin\apache-maven-3.9.8\maven_resp\mvn_resp\com\alibaba\csp\sentinel-core\1.8.6\sentinel-core-1.8.6.jar;D:\workspace\environment\apache-maven-3.9.8-bin\apache-maven-3.9.8\maven_resp\mvn_resp\org\aspectj\aspectjweaver\1.9.20.1\aspectjweaver-1.9.20.1.jar;D:\workspace\environment\apache-maven-3.9.8-bin\apache-maven-3.9.8\maven_resp\mvn_resp\com\alibaba\cloud\spring-cloud-circuitbreaker-sentinel\2022.0.0.0-RC2\spring-cloud-circuitbreaker-sentinel-2022.0.0.0-RC2.jar;D:\workspace\environment\apache-maven-3.9.8-bin\apache-maven-3.9.8\maven_resp\mvn_resp\com\alibaba\csp\sentinel-reactor-adapter\1.8.6\sentinel-reactor-adapter-1.8.6.jar;D:\workspace\environment\apache-maven-3.9.8-bin\apache-maven-3.9.8\maven_resp\mvn_resp\com\alibaba\csp\sentinel-spring-webflux-adapter\1.8.6\sentinel-spring-webflux-adapter-1.8.6.jar;D:\workspace\environment\apache-maven-3.9.8-bin\apache-maven-3.9.8\maven_resp\mvn_resp\com\alibaba\csp\sentinel-spring-webmvc-6x-adapter\1.8.6\sentinel-spring-webmvc-6x-adapter-1.8.6.jar;D:\workspace\environment\apache-maven-3.9.8-bin\apache-maven-3.9.8\maven_resp\mvn_resp\com\alibaba\csp\sentinel-parameter-flow-control\1.8.6\sentinel-parameter-flow-control-1.8.6.jar;D:\workspace\environment\apache-maven-3.9.8-bin\apache-maven-3.9.8\maven_resp\mvn_resp\com\googlecode\concurrentlinkedhashmap\concurrentlinkedhashmap-lru\1.4.2\concurrentlinkedhashmap-lru-1.4.2.jar;D:\workspace\environment\apache-maven-3.9.8-bin\apache-maven-3.9.8\maven_resp\mvn_resp\com\alibaba\csp\sentinel-cluster-server-default\1.8.6\sentinel-cluster-server-default-1.8.6.jar;D:\workspace\environment\apache-maven-3.9.8-bin\apache-maven-3.9.8\maven_resp\mvn_resp\com\alibaba\csp\sentinel-cluster-common-default\1.8.6\sentinel-cluster-common-default-1.8.6.jar;D:\workspace\environment\apache-maven-3.9.8-bin\apache-maven-3.9.8\maven_resp\mvn_resp\io\netty\netty-handler\4.1.101.Final\netty-handler-4.1.101.Final.jar;D:\workspace\environment\apache-maven-3.9.8-bin\apache-maven-3.9.8\maven_resp\mvn_resp\io\netty\netty-common\4.1.101.Final\netty-common-4.1.101.Final.jar;D:\workspace\environment\apache-maven-3.9.8-bin\apache-maven-3.9.8\maven_resp\mvn_resp\io\netty\netty-resolver\4.1.101.Final\netty-resolver-4.1.101.Final.jar;D:\workspace\environment\apache-maven-3.9.8-bin\apache-maven-3.9.8\maven_resp\mvn_resp\io\netty\netty-buffer\4.1.101.Final\netty-buffer-4.1.101.Final.jar;D:\workspace\environment\apache-maven-3.9.8-bin\apache-maven-3.9.8\maven_resp\mvn_resp\io\netty\netty-transport\4.1.101.Final\netty-transport-4.1.101.Final.jar;D:\workspace\environment\apache-maven-3.9.8-bin\apache-maven-3.9.8\maven_resp\mvn_resp\io\netty\netty-transport-native-unix-common\4.1.101.Final\netty-transport-native-unix-common-4.1.101.Final.jar;D:\workspace\environment\apache-maven-3.9.8-bin\apache-maven-3.9.8\maven_resp\mvn_resp\io\netty\netty-codec\4.1.101.Final\netty-codec-4.1.101.Final.jar;D:\workspace\environment\apache-maven-3.9.8-bin\apache-maven-3.9.8\maven_resp\mvn_resp\com\alibaba\csp\sentinel-cluster-client-default\1.8.6\sentinel-cluster-client-default-1.8.6.jar;D:\workspace\environment\apache-maven-3.9.8-bin\apache-maven-3.9.8\maven_resp\mvn_resp\com\alibaba\cloud\spring-cloud-alibaba-sentinel-datasource\2022.0.0.0-RC2\spring-cloud-alibaba-sentinel-datasource-2022.0.0.0-RC2.jar;D:\workspace\environment\apache-maven-3.9.8-bin\apache-maven-3.9.8\maven_resp\mvn_resp\com\alibaba\cloud\spring-cloud-starter-alibaba-nacos-discovery\2022.0.0.0-RC2\spring-cloud-starter-alibaba-nacos-discovery-2022.0.0.0-RC2.jar;D:\workspace\environment\apache-maven-3.9.8-bin\apache-maven-3.9.8\maven_resp\mvn_resp\com\alibaba\cloud\spring-cloud-alibaba-commons\2022.0.0.0-RC2\spring-cloud-alibaba-commons-2022.0.0.0-RC2.jar;D:\workspace\environment\apache-maven-3.9.8-bin\apache-maven-3.9.8\maven_resp\mvn_resp\com\alibaba\nacos\nacos-client\2.2.1\nacos-client-2.2.1.jar;D:\workspace\environment\apache-maven-3.9.8-bin\apache-maven-3.9.8\maven_resp\mvn_resp\com\alibaba\nacos\nacos-auth-plugin\2.2.1\nacos-auth-plugin-2.2.1.jar;D:\workspace\environment\apache-maven-3.9.8-bin\apache-maven-3.9.8\maven_resp\mvn_resp\com\alibaba\nacos\nacos-encryption-plugin\2.2.1\nacos-encryption-plugin-2.2.1.jar;D:\workspace\environment\apache-maven-3.9.8-bin\apache-maven-3.9.8\maven_resp\mvn_resp\commons-codec\commons-codec\1.16.0\commons-codec-1.16.0.jar;D:\workspace\environment\apache-maven-3.9.8-bin\apache-maven-3.9.8\maven_resp\mvn_resp\com\fasterxml\jackson\core\jackson-core\2.15.3\jackson-core-2.15.3.jar;D:\workspace\environment\apache-maven-3.9.8-bin\apache-maven-3.9.8\maven_resp\mvn_resp\com\fasterxml\jackson\core\jackson-databind\2.15.3\jackson-databind-2.15.3.jar;D:\workspace\environment\apache-maven-3.9.8-bin\apache-maven-3.9.8\maven_resp\mvn_resp\com\fasterxml\jackson\core\jackson-annotations\2.15.3\jackson-annotations-2.15.3.jar;D:\workspace\environment\apache-maven-3.9.8-bin\apache-maven-3.9.8\maven_resp\mvn_resp\org\apache\httpcomponents\httpasyncclient\4.1.5\httpasyncclient-4.1.5.jar;D:\workspace\environment\apache-maven-3.9.8-bin\apache-maven-3.9.8\maven_resp\mvn_resp\org\apache\httpcomponents\httpcore\4.4.16\httpcore-4.4.16.jar;D:\workspace\environment\apache-maven-3.9.8-bin\apache-maven-3.9.8\maven_resp\mvn_resp\org\apache\httpcomponents\httpcore-nio\4.4.16\httpcore-nio-4.4.16.jar;D:\workspace\environment\apache-maven-3.9.8-bin\apache-maven-3.9.8\maven_resp\mvn_resp\org\apache\httpcomponents\httpclient\4.5.13\httpclient-4.5.13.jar;D:\workspace\environment\apache-maven-3.9.8-bin\apache-maven-3.9.8\maven_resp\mvn_resp\io\prometheus\simpleclient\0.16.0\simpleclient-0.16.0.jar;D:\workspace\environment\apache-maven-3.9.8-bin\apache-maven-3.9.8\maven_resp\mvn_resp\io\prometheus\simpleclient_tracer_otel\0.16.0\simpleclient_tracer_otel-0.16.0.jar;D:\workspace\environment\apache-maven-3.9.8-bin\apache-maven-3.9.8\maven_resp\mvn_resp\io\prometheus\simpleclient_tracer_common\0.16.0\simpleclient_tracer_common-0.16.0.jar;D:\workspace\environment\apache-maven-3.9.8-bin\apache-maven-3.9.8\maven_resp\mvn_resp\io\prometheus\simpleclient_tracer_otel_agent\0.16.0\simpleclient_tracer_otel_agent-0.16.0.jar;D:\workspace\environment\apache-maven-3.9.8-bin\apache-maven-3.9.8\maven_resp\mvn_resp\org\yaml\snakeyaml\2.2\snakeyaml-2.2.jar;D:\workspace\environment\apache-maven-3.9.8-bin\apache-maven-3.9.8\maven_resp\mvn_resp\com\alibaba\spring\spring-context-support\1.0.11\spring-context-support-1.0.11.jar;D:\workspace\environment\apache-maven-3.9.8-bin\apache-maven-3.9.8\maven_resp\mvn_resp\org\springframework\cloud\spring-cloud-context\4.1.0\spring-cloud-context-4.1.0.jar;D:\workspace\stuspace\javaProject\cloud\cloud2024\cloud-api-commons\target\classes;D:\workspace\environment\apache-maven-3.9.8-bin\apache-maven-3.9.8\maven_resp\mvn_resp\org\springframework\boot\spring-boot-starter-web\3.2.0\spring-boot-starter-web-3.2.0.jar;D:\workspace\environment\apache-maven-3.9.8-bin\apache-maven-3.9.8\maven_resp\mvn_resp\org\springframework\boot\spring-boot-starter\3.2.0\spring-boot-starter-3.2.0.jar;D:\workspace\environment\apache-maven-3.9.8-bin\apache-maven-3.9.8\maven_resp\mvn_resp\org\springframework\boot\spring-boot\3.2.0\spring-boot-3.2.0.jar;D:\workspace\environment\apache-maven-3.9.8-bin\apache-maven-3.9.8\maven_resp\mvn_resp\org\springframework\boot\spring-boot-starter-logging\3.2.0\spring-boot-starter-logging-3.2.0.jar;D:\workspace\environment\apache-maven-3.9.8-bin\apache-maven-3.9.8\maven_resp\mvn_resp\ch\qos\logback\logback-classic\1.4.11\logback-classic-1.4.11.jar;D:\workspace\environment\apache-maven-3.9.8-bin\apache-maven-3.9.8\maven_resp\mvn_resp\ch\qos\logback\logback-core\1.4.11\logback-core-1.4.11.jar;D:\workspace\environment\apache-maven-3.9.8-bin\apache-maven-3.9.8\maven_resp\mvn_resp\org\apache\logging\log4j\log4j-to-slf4j\2.21.1\log4j-to-slf4j-2.21.1.jar;D:\workspace\environment\apache-maven-3.9.8-bin\apache-maven-3.9.8\maven_resp\mvn_resp\org\apache\logging\log4j\log4j-api\2.21.1\log4j-api-2.21.1.jar;D:\workspace\environment\apache-maven-3.9.8-bin\apache-maven-3.9.8\maven_resp\mvn_resp\org\slf4j\jul-to-slf4j\2.0.9\jul-to-slf4j-2.0.9.jar;D:\workspace\environment\apache-maven-3.9.8-bin\apache-maven-3.9.8\maven_resp\mvn_resp\jakarta\annotation\jakarta.annotation-api\2.1.1\jakarta.annotation-api-2.1.1.jar;D:\workspace\environment\apache-maven-3.9.8-bin\apache-maven-3.9.8\maven_resp\mvn_resp\org\springframework\boot\spring-boot-starter-json\3.2.0\spring-boot-starter-json-3.2.0.jar;D:\workspace\environment\apache-maven-3.9.8-bin\apache-maven-3.9.8\maven_resp\mvn_resp\com\fasterxml\jackson\datatype\jackson-datatype-jdk8\2.15.3\jackson-datatype-jdk8-2.15.3.jar;D:\workspace\environment\apache-maven-3.9.8-bin\apache-maven-3.9.8\maven_resp\mvn_resp\com\fasterxml\jackson\datatype\jackson-datatype-jsr310\2.15.3\jackson-datatype-jsr310-2.15.3.jar;D:\workspace\environment\apache-maven-3.9.8-bin\apache-maven-3.9.8\maven_resp\mvn_resp\com\fasterxml\jackson\module\jackson-module-parameter-names\2.15.3\jackson-module-parameter-names-2.15.3.jar;D:\workspace\environment\apache-maven-3.9.8-bin\apache-maven-3.9.8\maven_resp\mvn_resp\org\springframework\boot\spring-boot-starter-tomcat\3.2.0\spring-boot-starter-tomcat-3.2.0.jar;D:\workspace\environment\apache-maven-3.9.8-bin\apache-maven-3.9.8\maven_resp\mvn_resp\org\apache\tomcat\embed\tomcat-embed-core\10.1.16\tomcat-embed-core-10.1.16.jar;D:\workspace\environment\apache-maven-3.9.8-bin\apache-maven-3.9.8\maven_resp\mvn_resp\org\apache\tomcat\embed\tomcat-embed-el\10.1.16\tomcat-embed-el-10.1.16.jar;D:\workspace\environment\apache-maven-3.9.8-bin\apache-maven-3.9.8\maven_resp\mvn_resp\org\apache\tomcat\embed\tomcat-embed-websocket\10.1.16\tomcat-embed-websocket-10.1.16.jar;D:\workspace\environment\apache-maven-3.9.8-bin\apache-maven-3.9.8\maven_resp\mvn_resp\org\springframework\spring-webmvc\6.1.1\spring-webmvc-6.1.1.jar;D:\workspace\environment\apache-maven-3.9.8-bin\apache-maven-3.9.8\maven_resp\mvn_resp\org\springframework\spring-aop\6.1.1\spring-aop-6.1.1.jar;D:\workspace\environment\apache-maven-3.9.8-bin\apache-maven-3.9.8\maven_resp\mvn_resp\org\springframework\spring-context\6.1.1\spring-context-6.1.1.jar;D:\workspace\environment\apache-maven-3.9.8-bin\apache-maven-3.9.8\maven_resp\mvn_resp\org\springframework\spring-expression\6.1.1\spring-expression-6.1.1.jar;D:\workspace\environment\apache-maven-3.9.8-bin\apache-maven-3.9.8\maven_resp\mvn_resp\org\springframework\boot\spring-boot-starter-actuator\3.2.0\spring-boot-starter-actuator-3.2.0.jar;D:\workspace\environment\apache-maven-3.9.8-bin\apache-maven-3.9.8\maven_resp\mvn_resp\org\springframework\boot\spring-boot-actuator-autoconfigure\3.2.0\spring-boot-actuator-autoconfigure-3.2.0.jar;D:\workspace\environment\apache-maven-3.9.8-bin\apache-maven-3.9.8\maven_resp\mvn_resp\org\springframework\boot\spring-boot-actuator\3.2.0\spring-boot-actuator-3.2.0.jar;D:\workspace\environment\apache-maven-3.9.8-bin\apache-maven-3.9.8\maven_resp\mvn_resp\io\micrometer\micrometer-observation\1.12.0\micrometer-observation-1.12.0.jar;D:\workspace\environment\apache-maven-3.9.8-bin\apache-maven-3.9.8\maven_resp\mvn_resp\io\micrometer\micrometer-commons\1.12.0\micrometer-commons-1.12.0.jar;D:\workspace\environment\apache-maven-3.9.8-bin\apache-maven-3.9.8\maven_resp\mvn_resp\io\micrometer\micrometer-jakarta9\1.12.0\micrometer-jakarta9-1.12.0.jar;D:\workspace\environment\apache-maven-3.9.8-bin\apache-maven-3.9.8\maven_resp\mvn_resp\io\micrometer\micrometer-core\1.12.0\micrometer-core-1.12.0.jar;D:\workspace\environment\apache-maven-3.9.8-bin\apache-maven-3.9.8\maven_resp\mvn_resp\org\hdrhistogram\HdrHistogram\2.1.12\HdrHistogram-2.1.12.jar;D:\workspace\environment\apache-maven-3.9.8-bin\apache-maven-3.9.8\maven_resp\mvn_resp\org\latencyutils\LatencyUtils\2.0.3\LatencyUtils-2.0.3.jar;D:\workspace\environment\apache-maven-3.9.8-bin\apache-maven-3.9.8\maven_resp\mvn_resp\cn\hutool\hutool-all\5.8.22\hutool-all-5.8.22.jar;D:\workspace\environment\apache-maven-3.9.8-bin\apache-maven-3.9.8\maven_resp\mvn_resp\org\projectlombok\lombok\1.18.28\lombok-1.18.28.jar;D:\workspace\environment\apache-maven-3.9.8-bin\apache-maven-3.9.8\maven_resp\mvn_resp\org\springframework\spring-core\6.1.1\spring-core-6.1.1.jar;D:\workspace\environment\apache-maven-3.9.8-bin\apache-maven-3.9.8\maven_resp\mvn_resp\org\springframework\spring-jcl\6.1.1\spring-jcl-6.1.1.jar
Launcher Type: SUN_STANDARD

[Global flags]
     intx CICompilerCount                          = 4                                         {product} {ergonomic}
     uint ConcGCThreads                            = 3                                         {product} {ergonomic}
     uint G1ConcRefinementThreads                  = 10                                        {product} {ergonomic}
   size_t G1HeapRegionSize                         = 2097152                                   {product} {ergonomic}
    uintx GCDrainStackTargetSize                   = 64                                        {product} {ergonomic}
   size_t InitialHeapSize                          = 264241152                                 {product} {ergonomic}
     bool ManagementServer                         = true                                      {product} {command line}
   size_t MarkStackSize                            = 4194304                                   {product} {ergonomic}
   size_t MaxHeapSize                              = 4225761280                                {product} {ergonomic}
   size_t MaxNewSize                               = 2535456768                                {product} {ergonomic}
   size_t MinHeapDeltaBytes                        = 2097152                                   {product} {ergonomic}
   size_t MinHeapSize                              = 8388608                                   {product} {ergonomic}
    uintx NonProfiledCodeHeapSize                  = 0                                      {pd product} {ergonomic}
     bool ProfileInterpreter                       = false                                  {pd product} {command line}
    uintx ProfiledCodeHeapSize                     = 0                                      {pd product} {ergonomic}
   size_t SoftMaxHeapSize                          = 4225761280                             {manageable} {ergonomic}
     intx TieredStopAtLevel                        = 1                                         {product} {command line}
     bool UseCompressedClassPointers               = true                           {product lp64_product} {ergonomic}
     bool UseCompressedOops                        = true                           {product lp64_product} {ergonomic}
     bool UseG1GC                                  = true                                      {product} {ergonomic}
     bool UseLargePagesIndividualAllocation        = false                                  {pd product} {ergonomic}

Logging:
Log output configuration:
 #0: stdout all=warning uptime,level,tags foldmultilines=false
 #1: stderr all=off uptime,level,tags foldmultilines=false

Environment Variables:
JAVA_HOME=D:\workspace\environment\javaenvironment\jdk\jdk21
PATH=C:\Windows\system32;C:\Windows;C:\Windows\System32\Wbem;C:\Windows\System32\WindowsPowerShell\v1.0\;C:\Windows\System32\OpenSSH\;C:\Program Files (x86)\NVIDIA Corporation\PhysX\Common;C:\Program Files\NVIDIA Corporation\NVIDIA NvDLISR;C:\Windows\system32;C:\Windows;C:\Windows\System32\Wbem;C:\Windows\System32\WindowsPowerShell\v1.0\;C:\Windows\System32\OpenSSH\;C:\Program Files\dotnet\;D:\software\worksoftware\git\Git\cmd;D:\workspace\environment\javaenvironment\jdk\jdk21\bin;D:\software\toolssoftware\bandzip\Bandizip\;D:\MySQL\MySQL Server 8.0\bin;D:\MySQL\MySQL Shell 8.0\bin\;C:\Users\xi\AppData\Local\Microsoft\WindowsApps;C:\Users\xi\AppData\Local\JetBrains\Toolbox\scripts;D:\software\worksoftware\VSCode\Microsoft VS Code\bin
USERNAME=xi
OS=Windows_NT
PROCESSOR_IDENTIFIER=Intel64 Family 6 Model 141 Stepping 1, GenuineIntel
TMP=C:\Users\xi\AppData\Local\Temp
TEMP=C:\Users\xi\AppData\Local\Temp



---------------  S Y S T E M  ---------------

OS:
 Windows 11 , 64 bit Build 22621 (10.0.22621.3958)
OS uptime: 0 days 3:05 hours

CPU: total 12 (initial active 12) (6 cores per cpu, 2 threads per core) family 6 model 141 stepping 1 microcode 0x4e, cx8, cmov, fxsr, ht, mmx, 3dnowpref, sse, sse2, sse3, ssse3, sse4.1, sse4.2, popcnt, lzcnt, tsc, tscinvbit, avx, avx2, aes, erms, clmul, bmi1, bmi2, adx, avx512f, avx512dq, avx512cd, avx512bw, avx512vl, sha, fma, vzeroupper, avx512_vpopcntdq, avx512_vpclmulqdq, avx512_vaes, avx512_vnni, clflush, clflushopt, clwb, avx512_vbmi2, avx512_vbmi, rdtscp, rdpid, fsrm, gfni, avx512_bitalg

Memory: 4k page, system-wide physical 16114M (3775M free)
TotalPageFile size 16114M (AvailPageFile size 28M)
current process WorkingSet (physical memory assigned to process): 246M, peak: 249M
current process commit charge ("private bytes"): 293M, peak: 445M

vm_info: Java HotSpot(TM) 64-Bit Server VM (19.0.2+7-44) for windows-amd64 JRE (19.0.2+7-44), built on 2022-11-30T18:02:09Z by "mach5one" with MS VC++ 17.1 (VS2022)

END.
